########################################################################
# Job 5960299.akb in Schlange parallel
# angeforderte Ressourcen: mem=2000mb,neednodes=8:ppn=4,nodes=8:ppn=4,walltime=00:30:00
########################################################################
Setting up problem...Setting up problem...Setting up problem...Setting up problem...Setting up problem...Setting up problem...Setting up problem...Setting up problem...Setting up problem...Setting up problem...Setting up problem...Setting up problem...Setting up problem...Setting up problem...Setting up problem...Setting up problem...Setting up problem...Setting up problem...Setting up problem...Setting up problem...Setting up problem...Setting up problem...Setting up problem...Setting up problem...Setting up problem...Setting up problem...Setting up problem...Setting up problem...Setting up problem...Setting up problem...Setting up problem...Setting up problem...ok
ok
ok
ok
ok
ok
ok
ok
ok
ok
ok
ok
ok
ok
ok
ok
ok
ok
ok
ok
ok
ok
ok
ok
ok
ok
Solving...
ok
ok
ok
ok
ok
ok
iterations: 10
Saving bitmap...ok
iterations: 20
Saving bitmap...ok
iterations: 30
Saving bitmap...ok
iterations: 40
Saving bitmap...ok
iterations: 50
Saving bitmap...ok
iterations: 60
Saving bitmap...ok
iterations: 70
Saving bitmap...ok
iterations: 80
Saving bitmap...ok
iterations: 90
Saving bitmap...ok
iterations: 100
Saving bitmap...ok
iterations: 110
Saving bitmap...ok
iterations: 120
Saving bitmap...ok
iterations: 130
Saving bitmap...ok
iterations: 140
Saving bitmap...ok
iterations: 150
Saving bitmap...ok
iterations: 160
Saving bitmap...ok
iterations: 170
Saving bitmap...ok
iterations: 180
Saving bitmap...ok
iterations: 190
Saving bitmap...ok
iterations: 200
Saving bitmap...ok
iterations: 210
Saving bitmap...ok
iterations: 220
Saving bitmap...ok
iterations: 230
Saving bitmap...ok
iterations: 240
Saving bitmap...ok
iterations: 250
Saving bitmap...ok
iterations: 260
Saving bitmap...ok
iterations: 270
Saving bitmap...ok
iterations: 280
Saving bitmap...ok
iterations: 290
Saving bitmap...ok
iterations: 300
Saving bitmap...ok
iterations: 310
Saving bitmap...ok
iterations: 320
Saving bitmap...ok
iterations: 330
Saving bitmap...ok
iterations: 340
Saving bitmap...ok
iterations: 350
Saving bitmap...ok
iterations: 360
Saving bitmap...ok
iterations: 370
Saving bitmap...ok
iterations: 380
Saving bitmap...ok
iterations: 390
Saving bitmap...ok
iterations: 400
Saving bitmap...ok
iterations: 410
Saving bitmap...ok
iterations: 420
Saving bitmap...ok
iterations: 430
Saving bitmap...ok
iterations: 440
Saving bitmap...ok
iterations: 450
Saving bitmap...ok
iterations: 460
Saving bitmap...ok
iterations: 470
Saving bitmap...ok
iterations: 480
Saving bitmap...ok
iterations: 490
Saving bitmap...ok
iterations: 500
Saving bitmap...ok
iterations: 510
Saving bitmap...ok
iterations: 520
Saving bitmap...ok
iterations: 530
Saving bitmap...ok
iterations: 540
Saving bitmap...ok
iterations: 550
Saving bitmap...ok
iterations: 560
Saving bitmap...ok
iterations: 570
Saving bitmap...ok
iterations: 580
Saving bitmap...ok
iterations: 590
Saving bitmap...ok
iterations: 600
Saving bitmap...ok
iterations: 610
Saving bitmap...ok
iterations: 620
Saving bitmap...ok
iterations: 630
Saving bitmap...ok
iterations: 640
Saving bitmap...ok
iterations: 650
Saving bitmap...ok
iterations: 660
Saving bitmap...ok
iterations: 670
Saving bitmap...ok
iterations: 680
Saving bitmap...ok
iterations: 690
Saving bitmap...ok
iterations: 700
Saving bitmap...ok
iterations: 710
Saving bitmap...ok
iterations: 720
Saving bitmap...ok
iterations: 730
Saving bitmap...ok
iterations: 740
Saving bitmap...ok
iterations: 750
Saving bitmap...ok
iterations: 760
Saving bitmap...ok
iterations: 770
Saving bitmap...ok
iterations: 780
Saving bitmap...ok
iterations: 790
Saving bitmap...ok
iterations: 800
Saving bitmap...ok
iterations: 810
Saving bitmap...ok
iterations: 820
Saving bitmap...ok
iterations: 830
Saving bitmap...ok
iterations: 840
Saving bitmap...ok
iterations: 850
Saving bitmap...ok
iterations: 860
Saving bitmap...ok
iterations: 870
Saving bitmap...ok
iterations: 880
Saving bitmap...ok
iterations: 890
Saving bitmap...ok
iterations: 900
Saving bitmap...ok
iterations: 910
Saving bitmap...ok
iterations: 920
Saving bitmap...ok
iterations: 930
Saving bitmap...ok
iterations: 940
Saving bitmap...ok
iterations: 950
Saving bitmap...ok
iterations: 960
Saving bitmap...ok
iterations: 970
Saving bitmap...ok
iterations: 980
Saving bitmap...ok
iterations: 990
Saving bitmap...ok
iterations: 1000
Saving bitmap...ok
End of computation!
Time needed for solving: 37.606379s
########################################################################
benutzte Ressourcen:
cput=00:00:00,mem=4852kb,vmem=211104kb,walltime=00:00:39
########################################################################
