########################################################################
# Job 5990636.akb in Schlange parallel
# angeforderte Ressourcen: mem=200mb,neednodes=2:ppn=4,nodes=2:ppn=4,walltime=00:30:00
########################################################################
Process 0 on node016.akb out of 8
Process 1 on node016.akb out of 8
Process 2 on node016.akb out of 8
Process 3 on node016.akb out of 8
Process 5 on node015.akb out of 8
Process 7 on node015.akb out of 8
Matrix size: 16, #Non-zeros: 46
Process 4 on node015.akb out of 8
Process 6 on node015.akb out of 8
Process 0 get n=16, m=5
Process 1 get n=16, m=6
Process 2 get n=16, m=6
Process 3 get n=16, m=6
Process 5 get n=16, m=6
Process 7 get n=16, m=5
Process 6 get n=16, m=6
Process 4 get n=16, m=6
Process 0 takes 0.0040619373 seconds
PSIlogger: Child with rank 0 exited with status 1.
PSIlogger: Child with rank 1 exited with status 1.
PSIlogger: Child with rank 2 exited with status 1.
PSIlogger: Child with rank 5 exited with status 1.
PSIlogger: Child with rank 7 exited with status 1.
PSIlogger: Child with rank 3 exited with status 1.
PSIlogger: Child with rank 6 exited with status 1.
PSIlogger: Child with rank 4 exited with status 1.
########################################################################
benutzte Ressourcen:
cput=00:00:00,mem=628kb,vmem=6228kb,walltime=00:00:00
########################################################################
