Philosoph 5 geht an den Tisch
Philosoph 2 geht an den Tisch
Philosoph 3 geht an den Tisch
Philosoph 4 geht an den Tisch
Philosoph 1 geht an den Tisch
Kellner (0) meldet sich an!
Endlich darf ich (5) essen... Jam Jam Jam
Endlich darf ich (2) essen... Jam Jam Jam
Ich darf nichts essen (3)
Ich darf nichts essen (4)
Ich darf nichts essen (1)
Ich (5) denke jetzt lieber noch ein wenig nach
Ich (2) denke jetzt lieber noch ein wenig nach
Endlich darf ich (5) essen... Jam Jam Jam
Endlich darf ich (2) essen... Jam Jam Jam
Ich darf nichts essen (1)
Ich darf nichts essen (4)
Ich darf nichts essen (3)
Ich (5) denke jetzt lieber noch ein wenig nach
Ich (2) denke jetzt lieber noch ein wenig nach
Endlich darf ich (1) essen... Jam Jam Jam
Ich darf nichts essen (3)
Endlich darf ich (4) essen... Jam Jam Jam
Ich darf nichts essen (2)
Ich darf nichts essen (5)
Ich (1) denke jetzt lieber noch ein wenig nach
Ich (4) denke jetzt lieber noch ein wenig nach
Endlich darf ich (3) essen... Jam Jam Jam
Endlich darf ich (5) essen... Jam Jam Jam
Ich darf nichts essen (2)
Ich darf nichts essen (4)
Ich (3) denke jetzt lieber noch ein wenig nach
Ich darf nichts essen (1)
Endlich darf ich (2) essen... Jam Jam Jam
Ich (5) denke jetzt lieber noch ein wenig nach
Endlich darf ich (5) essen... Jam Jam Jam
Ich darf nichts essen (1)
Ich darf nichts essen (3)
Ich darf nichts essen (4)
Ich (5) denke jetzt lieber noch ein wenig nach
Ich (2) denke jetzt lieber noch ein wenig nach
Endlich darf ich (3) essen... Jam Jam Jam
Ich darf nichts essen (4)
Endlich darf ich (1) essen... Jam Jam Jam
Ich (3) denke jetzt lieber noch ein wenig nach
Ich (1) denke jetzt lieber noch ein wenig nach
Ich darf nichts essen (4)
Endlich darf ich (2) essen... Jam Jam Jam
Endlich darf ich (5) essen... Jam Jam Jam
Ich (2) denke jetzt lieber noch ein wenig nach
Ich (5) denke jetzt lieber noch ein wenig nach
Ich darf nichts essen (4)
Endlich darf ich (5) essen... Jam Jam Jam
Ich (5) denke jetzt lieber noch ein wenig nach
Ich darf nichts essen (1)
Ich darf nichts essen (4)
Endlich darf ich (3) essen... Jam Jam Jam
Ich darf nichts essen (2)
Ich (3) denke jetzt lieber noch ein wenig nach
Endlich darf ich (1) essen... Jam Jam Jam
Ich darf nichts essen (4)
Ich darf nichts essen (2)
Ich darf nichts essen (5)
Ich (1) denke jetzt lieber noch ein wenig nach
Endlich darf ich (3) essen... Jam Jam Jam
Ich darf nichts essen (4)
Ich darf nichts essen (2)
Ich darf nichts essen (5)
Endlich darf ich (1) essen... Jam Jam Jam
Ich (3) denke jetzt lieber noch ein wenig nach
Ich (1) denke jetzt lieber noch ein wenig nach
Ich darf nichts essen (4)
Endlich darf ich (5) essen... Jam Jam Jam
Ich darf nichts essen (2)
Endlich darf ich (3) essen... Jam Jam Jam
Ich (5) denke jetzt lieber noch ein wenig nach
Ich (3) denke jetzt lieber noch ein wenig nach
Ich darf nichts essen (1)
Ich darf nichts essen (4)
Ich darf nichts essen (2)
Endlich darf ich (5) essen... Jam Jam Jam
Endlich darf ich (3) essen... Jam Jam Jam
Ich (5) denke jetzt lieber noch ein wenig nach
Ich (3) denke jetzt lieber noch ein wenig nach
Endlich darf ich (1) essen... Jam Jam Jam
Ich darf nichts essen (4)
Ich darf nichts essen (2)
Ich (1) denke jetzt lieber noch ein wenig nach
Endlich darf ich (4) essen... Jam Jam Jam
Ich darf nichts essen (5)
Endlich darf ich (2) essen... Jam Jam Jam
Ich (2) denke jetzt lieber noch ein wenig nach
Ich (4) denke jetzt lieber noch ein wenig nach
Ich darf nichts essen (3)
Endlich darf ich (5) essen... Jam Jam Jam
Ich (5) denke jetzt lieber noch ein wenig nach
Endlich darf ich (2) essen... Jam Jam Jam
Ich darf nichts essen (3)
Ich darf nichts essen (1)
Ich darf nichts essen (4)
Ich (2) denke jetzt lieber noch ein wenig nach
Ich darf nichts essen (1)
Endlich darf ich (4) essen... Jam Jam Jam
Ich darf nichts essen (3)
Ich darf nichts essen (5)
Endlich darf ich (2) essen... Jam Jam Jam
Ich (4) denke jetzt lieber noch ein wenig nach
Ich (2) denke jetzt lieber noch ein wenig nach
Ich darf nichts essen (1)
Ich darf nichts essen (3)
Endlich darf ich (5) essen... Jam Jam Jam
Ich (5) denke jetzt lieber noch ein wenig nach
Endlich darf ich (3) essen... Jam Jam Jam
Ich darf nichts essen (1)
Ich darf nichts essen (2)
Philosoph (5) meldet sich ab!
Ich (3) denke jetzt lieber noch ein wenig nach
Ich darf nichts essen (4)
Endlich darf ich (1) essen... Jam Jam Jam
Endlich darf ich (3) essen... Jam Jam Jam
Ich darf nichts essen (2)
Ich (3) denke jetzt lieber noch ein wenig nach
Ich (1) denke jetzt lieber noch ein wenig nach
Endlich darf ich (1) essen... Jam Jam Jam
Ich darf nichts essen (4)
Ich darf nichts essen (2)
Ich (1) denke jetzt lieber noch ein wenig nach
Endlich darf ich (4) essen... Jam Jam Jam
Ich darf nichts essen (3)
Endlich darf ich (2) essen... Jam Jam Jam
Ich (2) denke jetzt lieber noch ein wenig nach
Ich (4) denke jetzt lieber noch ein wenig nach
Ich darf nichts essen (1)
Ich darf nichts essen (3)
Endlich darf ich (2) essen... Jam Jam Jam
Ich (2) denke jetzt lieber noch ein wenig nach
Ich darf nichts essen (1)
Endlich darf ich (4) essen... Jam Jam Jam
Ich darf nichts essen (3)
Endlich darf ich (2) essen... Jam Jam Jam
Ich (4) denke jetzt lieber noch ein wenig nach
Ich (2) denke jetzt lieber noch ein wenig nach
Ich darf nichts essen (3)
Ich darf nichts essen (1)
Philosoph (2) meldet sich ab!
Endlich darf ich (4) essen... Jam Jam Jam
Ich darf nichts essen (3)
Endlich darf ich (1) essen... Jam Jam Jam
Ich (4) denke jetzt lieber noch ein wenig nach
Ich (1) denke jetzt lieber noch ein wenig nach
Endlich darf ich (3) essen... Jam Jam Jam
Endlich darf ich (1) essen... Jam Jam Jam
Ich (1) denke jetzt lieber noch ein wenig nach
Ich (3) denke jetzt lieber noch ein wenig nach
Endlich darf ich (1) essen... Jam Jam Jam
Endlich darf ich (3) essen... Jam Jam Jam
Ich (1) denke jetzt lieber noch ein wenig nach
Ich darf nichts essen (4)
Ich (3) denke jetzt lieber noch ein wenig nach
Philosoph (1) meldet sich ab!
Philosoph (3) meldet sich ab!
Endlich darf ich (4) essen... Jam Jam Jam
Ich (4) denke jetzt lieber noch ein wenig nach
Endlich darf ich (4) essen... Jam Jam Jam
Ich (4) denke jetzt lieber noch ein wenig nach
Endlich darf ich (4) essen... Jam Jam Jam
Ich (4) denke jetzt lieber noch ein wenig nach
Endlich darf ich (4) essen... Jam Jam Jam
Ich (4) denke jetzt lieber noch ein wenig nach
Kellner geht nach Hause
Philosoph (4) meldet sich ab!
